# JRE version: Java(TM) SE Runtime Environment (8.0_191-b12) (build 1.8.0_191-b12)
# Java VM: Java HotSpot(TM) Client VM (25.191-b12 mixed mode windows-x86 )
Heap:
 def new generation   total 66240K, used 42294K [0x05000000, 0x097e0000, 0x0faa0000)
  eden space 58880K,  70% used [0x05000000, 0x078827d8, 0x08980000)
  from space 7360K,  11% used [0x08980000, 0x08a4b240, 0x090b0000)
  to   space 7360K,   0% used [0x090b0000, 0x090b0000, 0x097e0000)
 tenured generation   total 147112K, used 117978K [0x0faa0000, 0x18a4a000, 0x25000000)
   the space 147112K,  80% used [0x0faa0000, 0x16dd69b0, 0x16dd6a00, 0x18a4a000)
 Metaspace       used 24649K, capacity 25161K, committed 25216K, reserved 25984K
GC Heap History (10 events):
Event: 62.093 GC heap before
{Heap before GC invocations=6 (full 2):
 def new generation   total 39424K, used 34916K [0x05000000, 0x07ac0000, 0x0faa0000)
  eden space 35072K,  87% used [0x05000000, 0x06dd92a0, 0x07240000)
  from space 4352K, 100% used [0x07240000, 0x07680000, 0x07680000)
  to   space 4352K,   0% used [0x07680000, 0x07680000, 0x07ac0000)
 tenured generation   total 87424K, used 54693K [0x0faa0000, 0x15000000, 0x25000000)
   the space 87424K,  62% used [0x0faa0000, 0x13009468, 0x13009600, 0x15000000)
 Metaspace       used 23905K, capacity 24427K, committed 24448K, reserved 24960K
Event: 62.103 GC heap after
Heap after GC invocations=7 (full 2):
 def new generation   total 39424K, used 1911K [0x05000000, 0x07ac0000, 0x0faa0000)
  eden space 35072K,   0% used [0x05000000, 0x05000000, 0x07240000)
  from space 4352K,  43% used [0x07680000, 0x0785de40, 0x07ac0000)
  to   space 4352K,   0% used [0x07240000, 0x07240000, 0x07680000)
 tenured generation   total 87424K, used 66722K [0x0faa0000, 0x15000000, 0x25000000)
   the space 87424K,  76% used [0x0faa0000, 0x13bc8b78, 0x13bc8c00, 0x15000000)
 Metaspace       used 23905K, capacity 24427K, committed 24448K, reserved 24960K
}
Event: 62.115 GC heap before
{Heap before GC invocations=7 (full 2):
 def new generation   total 39424K, used 17959K [0x05000000, 0x07ac0000, 0x0faa0000)
  eden space 35072K,  45% used [0x05000000, 0x05fac010, 0x07240000)
  from space 4352K,  43% used [0x07680000, 0x0785de40, 0x07ac0000)
  to   space 4352K,   0% used [0x07240000, 0x07240000, 0x07680000)
 tenured generation   total 87424K, used 66722K [0x0faa0000, 0x15000000, 0x25000000)
   the space 87424K,  76% used [0x0faa0000, 0x13bc8b78, 0x13bc8c00, 0x15000000)
 Metaspace       used 23905K, capacity 24427K, committed 24448K, reserved 24960K
Event: 62.123 GC heap after
Heap after GC invocations=8 (full 2):
 def new generation   total 39424K, used 816K [0x05000000, 0x07ac0000, 0x0faa0000)
  eden space 35072K,   0% used [0x05000000, 0x05000000, 0x07240000)
  from space 4352K,  18% used [0x07240000, 0x0730c3f8, 0x07680000)
  to   space 4352K,   0% used [0x07680000, 0x07680000, 0x07ac0000)
 tenured generation   total 87424K, used 82770K [0x0faa0000, 0x15000000, 0x25000000)
   the space 87424K,  94% used [0x0faa0000, 0x14b74b88, 0x14b74c00, 0x15000000)
 Metaspace       used 23905K, capacity 24427K, committed 24448K, reserved 24960K
}
Event: 62.132 GC heap before
{Heap before GC invocations=8 (full 2):
 def new generation   total 39424K, used 33209K [0x05000000, 0x07ac0000, 0x0faa0000)
  eden space 35072K,  92% used [0x05000000, 0x06fa23c8, 0x07240000)
  from space 4352K,  18% used [0x07240000, 0x0730c3f8, 0x07680000)
  to   space 4352K,   0% used [0x07680000, 0x07680000, 0x07ac0000)
 tenured generation   total 87424K, used 82770K [0x0faa0000, 0x15000000, 0x25000000)
   the space 87424K,  94% used [0x0faa0000, 0x14b74b88, 0x14b74c00, 0x15000000)
 Metaspace       used 23905K, capacity 24427K, committed 24448K, reserved 24960K
Event: 62.222 GC heap after
Heap after GC invocations=9 (full 3):
 def new generation   total 66240K, used 0K [0x05000000, 0x097e0000, 0x0faa0000)
  eden space 58880K,   0% used [0x05000000, 0x05000000, 0x08980000)
  from space 7360K,   0% used [0x08980000, 0x08980000, 0x090b0000)
  to   space 7360K,   0% used [0x090b0000, 0x090b0000, 0x097e0000)
 tenured generation   total 147112K, used 88265K [0x0faa0000, 0x18a4a000, 0x25000000)
   the space 147112K,  59% used [0x0faa0000, 0x150d2400, 0x150d2400, 0x18a4a000)
 Metaspace       used 23905K, capacity 24427K, committed 24448K, reserved 24960K
}
Event: 63.082 GC heap before
{Heap before GC invocations=9 (full 3):
 def new generation   total 66240K, used 58880K [0x05000000, 0x097e0000, 0x0faa0000)
  eden space 58880K, 100% used [0x05000000, 0x08980000, 0x08980000)
  from space 7360K,   0% used [0x08980000, 0x08980000, 0x090b0000)
  to   space 7360K,   0% used [0x090b0000, 0x090b0000, 0x097e0000)
 tenured generation   total 147112K, used 88265K [0x0faa0000, 0x18a4a000, 0x25000000)
   the space 147112K,  59% used [0x0faa0000, 0x150d2400, 0x150d2400, 0x18a4a000)
 Metaspace       used 24440K, capacity 24964K, committed 25088K, reserved 25984K
Event: 63.127 GC heap after
Heap after GC invocations=10 (full 3):
 def new generation   total 66240K, used 7360K [0x05000000, 0x097e0000, 0x0faa0000)
  eden space 58880K,   0% used [0x05000000, 0x05000000, 0x08980000)
  from space 7360K, 100% used [0x090b0000, 0x097e0000, 0x097e0000)
  to   space 7360K,   0% used [0x08980000, 0x08980000, 0x090b0000)
 tenured generation   total 147112K, used 110658K [0x0faa0000, 0x18a4a000, 0x25000000)
   the space 147112K,  75% used [0x0faa0000, 0x166b0978, 0x166b0a00, 0x18a4a000)
 Metaspace       used 24440K, capacity 24964K, committed 25088K, reserved 25984K
}
Event: 5406.690 GC heap before
{Heap before GC invocations=10 (full 3):
 def new generation   total 66240K, used 66240K [0x05000000, 0x097e0000, 0x0faa0000)
  eden space 58880K, 100% used [0x05000000, 0x08980000, 0x08980000)
  from space 7360K, 100% used [0x090b0000, 0x097e0000, 0x097e0000)
  to   space 7360K,   0% used [0x08980000, 0x08980000, 0x090b0000)
 tenured generation   total 147112K, used 110658K [0x0faa0000, 0x18a4a000, 0x25000000)
   the space 147112K,  75% used [0x0faa0000, 0x166b0978, 0x166b0a00, 0x18a4a000)
 Metaspace       used 24638K, capacity 25161K, committed 25216K, reserved 25984K
Event: 5406.727 GC heap after
Heap after GC invocations=11 (full 3):
 def new generation   total 66240K, used 812K [0x05000000, 0x097e0000, 0x0faa0000)
  eden space 58880K,   0% used [0x05000000, 0x05000000, 0x08980000)
  from space 7360K,  11% used [0x08980000, 0x08a4b240, 0x090b0000)
  to   space 7360K,   0% used [0x090b0000, 0x090b0000, 0x097e0000)
 tenured generation   total 147112K, used 117978K [0x0faa0000, 0x18a4a000, 0x25000000)
   the space 147112K,  80% used [0x0faa0000, 0x16dd69b0, 0x16dd6a00, 0x18a4a000)
 Metaspace       used 24638K, capacity 25161K, committed 25216K, reserved 25984K
}

