# JRE version: Java(TM) SE Runtime Environment (8.0_191-b12) (build 1.8.0_191-b12)
# Java VM: Java HotSpot(TM) Client VM (25.191-b12 mixed mode windows-x86 )
Heap:
 def new generation   total 39424K, used 11016K [0x05800000, 0x082c0000, 0x102a0000)
  eden space 35072K,  19% used [0x05800000, 0x05e82030, 0x07a40000)
  from space 4352K, 100% used [0x07a40000, 0x07e80000, 0x07e80000)
  to   space 4352K,   0% used [0x07e80000, 0x07e80000, 0x082c0000)
 tenured generation   total 87424K, used 54774K [0x102a0000, 0x15800000, 0x25800000)
   the space 87424K,  62% used [0x102a0000, 0x1381db00, 0x1381dc00, 0x15800000)
 Metaspace       used 23234K, capacity 23683K, committed 23808K, reserved 23936K
GC Heap History (10 events):
Event: 0.673 GC heap before
{Heap before GC invocations=1 (full 0):
 def new generation   total 39296K, used 39296K [0x05800000, 0x082a0000, 0x102a0000)
  eden space 34944K, 100% used [0x05800000, 0x07a20000, 0x07a20000)
  from space 4352K, 100% used [0x07e60000, 0x082a0000, 0x082a0000)
  to   space 4352K,   0% used [0x07a20000, 0x07a20000, 0x07e60000)
 tenured generation   total 87424K, used 3004K [0x102a0000, 0x15800000, 0x25800000)
   the space 87424K,   3% used [0x102a0000, 0x1058f120, 0x1058f200, 0x15800000)
 Metaspace       used 11114K, capacity 11317K, committed 11392K, reserved 11648K
Event: 0.693 GC heap after
Heap after GC invocations=2 (full 0):
 def new generation   total 39296K, used 4352K [0x05800000, 0x082a0000, 0x102a0000)
  eden space 34944K,   0% used [0x05800000, 0x05800000, 0x07a20000)
  from space 4352K, 100% used [0x07a20000, 0x07e60000, 0x07e60000)
  to   space 4352K,   0% used [0x07e60000, 0x07e60000, 0x082a0000)
 tenured generation   total 87424K, used 12609K [0x102a0000, 0x15800000, 0x25800000)
   the space 87424K,  14% used [0x102a0000, 0x10ef05a0, 0x10ef0600, 0x15800000)
 Metaspace       used 11114K, capacity 11317K, committed 11392K, reserved 11648K
}
Event: 0.887 GC heap before
{Heap before GC invocations=2 (full 0):
 def new generation   total 39296K, used 37873K [0x05800000, 0x082a0000, 0x102a0000)
  eden space 34944K,  95% used [0x05800000, 0x078bc748, 0x07a20000)
  from space 4352K, 100% used [0x07a20000, 0x07e60000, 0x07e60000)
  to   space 4352K,   0% used [0x07e60000, 0x07e60000, 0x082a0000)
 tenured generation   total 87424K, used 12609K [0x102a0000, 0x15800000, 0x25800000)
   the space 87424K,  14% used [0x102a0000, 0x10ef05a0, 0x10ef0600, 0x15800000)
 Metaspace       used 12058K, capacity 12282K, committed 12288K, reserved 12672K
Event: 0.937 GC heap after
Heap after GC invocations=3 (full 1):
 def new generation   total 39424K, used 0K [0x05800000, 0x082c0000, 0x102a0000)
  eden space 35072K,   0% used [0x05800000, 0x05800000, 0x07a40000)
  from space 4352K,   0% used [0x07a40000, 0x07a40000, 0x07e80000)
  to   space 4352K,   0% used [0x07e80000, 0x07e80000, 0x082c0000)
 tenured generation   total 87424K, used 40036K [0x102a0000, 0x15800000, 0x25800000)
   the space 87424K,  45% used [0x102a0000, 0x129b90c8, 0x129b9200, 0x15800000)
 Metaspace       used 12058K, capacity 12282K, committed 12288K, reserved 12672K
}
Event: 1.352 GC heap before
{Heap before GC invocations=3 (full 1):
 def new generation   total 39424K, used 35072K [0x05800000, 0x082c0000, 0x102a0000)
  eden space 35072K, 100% used [0x05800000, 0x07a40000, 0x07a40000)
  from space 4352K,   0% used [0x07a40000, 0x07a40000, 0x07e80000)
  to   space 4352K,   0% used [0x07e80000, 0x07e80000, 0x082c0000)
 tenured generation   total 87424K, used 40036K [0x102a0000, 0x15800000, 0x25800000)
   the space 87424K,  45% used [0x102a0000, 0x129b90c8, 0x129b9200, 0x15800000)
 Metaspace       used 16377K, capacity 16642K, committed 16768K, reserved 16768K
Event: 1.361 GC heap after
Heap after GC invocations=4 (full 1):
 def new generation   total 39424K, used 4352K [0x05800000, 0x082c0000, 0x102a0000)
  eden space 35072K,   0% used [0x05800000, 0x05800000, 0x07a40000)
  from space 4352K, 100% used [0x07e80000, 0x082c0000, 0x082c0000)
  to   space 4352K,   0% used [0x07a40000, 0x07a40000, 0x07e80000)
 tenured generation   total 87424K, used 40150K [0x102a0000, 0x15800000, 0x25800000)
   the space 87424K,  45% used [0x102a0000, 0x129d5830, 0x129d5a00, 0x15800000)
 Metaspace       used 16377K, capacity 16642K, committed 16768K, reserved 16768K
}
Event: 2.130 GC heap before
{Heap before GC invocations=4 (full 1):
 def new generation   total 39424K, used 33337K [0x05800000, 0x082c0000, 0x102a0000)
  eden space 35072K,  82% used [0x05800000, 0x0744e7a0, 0x07a40000)
  from space 4352K, 100% used [0x07e80000, 0x082c0000, 0x082c0000)
  to   space 4352K,   0% used [0x07a40000, 0x07a40000, 0x07e80000)
 tenured generation   total 87424K, used 40150K [0x102a0000, 0x15800000, 0x25800000)
   the space 87424K,  45% used [0x102a0000, 0x129d5830, 0x129d5a00, 0x15800000)
 Metaspace       used 20028K, capacity 20412K, committed 20480K, reserved 20864K
Event: 2.182 GC heap after
Heap after GC invocations=5 (full 2):
 def new generation   total 39424K, used 0K [0x05800000, 0x082c0000, 0x102a0000)
  eden space 35072K,   0% used [0x05800000, 0x05800000, 0x07a40000)
  from space 4352K,   0% used [0x07e80000, 0x07e80000, 0x082c0000)
  to   space 4352K,   0% used [0x07a40000, 0x07a40000, 0x07e80000)
 tenured generation   total 87424K, used 45723K [0x102a0000, 0x15800000, 0x25800000)
   the space 87424K,  52% used [0x102a0000, 0x12f46f30, 0x12f47000, 0x15800000)
 Metaspace       used 20028K, capacity 20412K, committed 20480K, reserved 20864K
}
Event: 2.698 GC heap before
{Heap before GC invocations=5 (full 2):
 def new generation   total 39424K, used 35072K [0x05800000, 0x082c0000, 0x102a0000)
  eden space 35072K, 100% used [0x05800000, 0x07a40000, 0x07a40000)
  from space 4352K,   0% used [0x07e80000, 0x07e80000, 0x082c0000)
  to   space 4352K,   0% used [0x07a40000, 0x07a40000, 0x07e80000)
 tenured generation   total 87424K, used 45723K [0x102a0000, 0x15800000, 0x25800000)
   the space 87424K,  52% used [0x102a0000, 0x12f46f30, 0x12f47000, 0x15800000)
 Metaspace       used 22830K, capacity 23264K, committed 23424K, reserved 23936K
Event: 2.709 GC heap after
Heap after GC invocations=6 (full 2):
 def new generation   total 39424K, used 4352K [0x05800000, 0x082c0000, 0x102a0000)
  eden space 35072K,   0% used [0x05800000, 0x05800000, 0x07a40000)
  from space 4352K, 100% used [0x07a40000, 0x07e80000, 0x07e80000)
  to   space 4352K,   0% used [0x07e80000, 0x07e80000, 0x082c0000)
 tenured generation   total 87424K, used 54774K [0x102a0000, 0x15800000, 0x25800000)
   the space 87424K,  62% used [0x102a0000, 0x1381db00, 0x1381dc00, 0x15800000)
 Metaspace       used 22830K, capacity 23264K, committed 23424K, reserved 23936K
}

